2023-04-19T11:36:48.635940+00:00 INFO 'ansible_navigator.setup_logger' New ansible-navigator instance, logging initialized
2023-04-19T11:36:48.636513+00:00 INFO 'ansible_navigator.setup_logger' New ansible-runner instance, logging initialized
2023-04-19T11:36:48.636650+00:00 DEBUG 'ansible_navigator.main' ansible-builder==1.2.0 /home/slawek/.local/lib/python3.8/site-packages
2023-04-19T11:36:48.636714+00:00 DEBUG 'ansible_navigator.main' ansible-core==2.13.8 /home/slawek/.local/lib/python3.8/site-packages
2023-04-19T11:36:48.636754+00:00 DEBUG 'ansible_navigator.main' ansible-lint==6.13.1 /home/slawek/.local/lib/python3.8/site-packages
2023-04-19T11:36:48.636823+00:00 DEBUG 'ansible_navigator.main' ansible-navigator==2.2.0 /home/slawek/.local/lib/python3.8/site-packages
2023-04-19T11:36:48.636869+00:00 DEBUG 'ansible_navigator.main' ansible-runner==2.3.2 /home/slawek/.local/lib/python3.8/site-packages
2023-04-19T11:36:48.636899+00:00 DEBUG 'ansible_navigator.main' ansible==6.7.0 /home/slawek/.local/lib/python3.8/site-packages
2023-04-19T11:36:48.636929+00:00 DEBUG 'ansible_navigator.main' apache-libcloud==2.8.0 /usr/lib/python3/dist-packages
2023-04-19T11:36:48.636959+00:00 DEBUG 'ansible_navigator.main' apturl==0.5.2 /usr/lib/python3/dist-packages
2023-04-19T11:36:48.636989+00:00 DEBUG 'ansible_navigator.main' argcomplete==1.8.1 /usr/lib/python3/dist-packages
2023-04-19T11:36:48.637018+00:00 DEBUG 'ansible_navigator.main' attrs==22.2.0 /home/slawek/.local/lib/python3.8/site-packages
2023-04-19T11:36:48.637048+00:00 DEBUG 'ansible_navigator.main' backports.zoneinfo==0.2.1 /home/slawek/.local/lib/python3.8/site-packages
2023-04-19T11:36:48.637077+00:00 DEBUG 'ansible_navigator.main' bcrypt==3.1.7 /usr/lib/python3/dist-packages
2023-04-19T11:36:48.637107+00:00 DEBUG 'ansible_navigator.main' bindep==2.11.0 /home/slawek/.local/lib/python3.8/site-packages
2023-04-19T11:36:48.637136+00:00 DEBUG 'ansible_navigator.main' black==23.3.0 /home/slawek/.local/lib/python3.8/site-packages
2023-04-19T11:36:48.637165+00:00 DEBUG 'ansible_navigator.main' blinker==1.4 /usr/lib/python3/dist-packages
2023-04-19T11:36:48.637194+00:00 DEBUG 'ansible_navigator.main' bracex==2.3.post1 /home/slawek/.local/lib/python3.8/site-packages
2023-04-19T11:36:48.637223+00:00 DEBUG 'ansible_navigator.main' brlapi==0.7.0 /usr/lib/python3/dist-packages
2023-04-19T11:36:48.637252+00:00 DEBUG 'ansible_navigator.main' certifi==2019.11.28 /usr/lib/python3/dist-packages
2023-04-19T11:36:48.637281+00:00 DEBUG 'ansible_navigator.main' cffi==1.15.1 /home/slawek/.local/lib/python3.8/site-packages
2023-04-19T11:36:48.637311+00:00 DEBUG 'ansible_navigator.main' chardet==3.0.4 /usr/lib/python3/dist-packages
2023-04-19T11:36:48.637340+00:00 DEBUG 'ansible_navigator.main' charset-normalizer==3.1.0 /home/slawek/.local/lib/python3.8/site-packages
2023-04-19T11:36:48.637369+00:00 DEBUG 'ansible_navigator.main' click==8.1.3 /home/slawek/.local/lib/python3.8/site-packages
2023-04-19T11:36:48.637398+00:00 DEBUG 'ansible_navigator.main' colorama==0.4.3 /usr/lib/python3/dist-packages
2023-04-19T11:36:48.637427+00:00 DEBUG 'ansible_navigator.main' command-not-found==0.3 /usr/lib/python3/dist-packages
2023-04-19T11:36:48.637456+00:00 DEBUG 'ansible_navigator.main' crit==3.17.1 /usr/lib/python3/dist-packages
2023-04-19T11:36:48.637485+00:00 DEBUG 'ansible_navigator.main' cryptography==40.0.1 /home/slawek/.local/lib/python3.8/site-packages
2023-04-19T11:36:48.637514+00:00 DEBUG 'ansible_navigator.main' cupshelpers==1.0 /usr/lib/python3/dist-packages
2023-04-19T11:36:48.637544+00:00 DEBUG 'ansible_navigator.main' dbus-python==1.2.16 /usr/lib/python3/dist-packages
2023-04-19T11:36:48.637573+00:00 DEBUG 'ansible_navigator.main' defer==1.0.6 /usr/lib/python3/dist-packages
2023-04-19T11:36:48.637602+00:00 DEBUG 'ansible_navigator.main' distro-info==0.23ubuntu1 /usr/lib/python3/dist-packages
2023-04-19T11:36:48.637630+00:00 DEBUG 'ansible_navigator.main' distro==1.8.0 /home/slawek/.local/lib/python3.8/site-packages
2023-04-19T11:36:48.637658+00:00 DEBUG 'ansible_navigator.main' dnspython==1.16.0 /usr/lib/python3/dist-packages
2023-04-19T11:36:48.637693+00:00 DEBUG 'ansible_navigator.main' docker==6.0.1 /home/slawek/.local/lib/python3.8/site-packages
2023-04-19T11:36:48.637724+00:00 DEBUG 'ansible_navigator.main' docutils==0.19 /home/slawek/.local/lib/python3.8/site-packages
2023-04-19T11:36:48.637753+00:00 DEBUG 'ansible_navigator.main' duplicity==0.8.12.0 /usr/lib/python3/dist-packages
2023-04-19T11:36:48.637795+00:00 DEBUG 'ansible_navigator.main' entrypoints==0.3 /usr/lib/python3/dist-packages
2023-04-19T11:36:48.637822+00:00 DEBUG 'ansible_navigator.main' fasteners==0.14.1 /usr/lib/python3/dist-packages
2023-04-19T11:36:48.637850+00:00 DEBUG 'ansible_navigator.main' filelock==3.11.0 /home/slawek/.local/lib/python3.8/site-packages
2023-04-19T11:36:48.637877+00:00 DEBUG 'ansible_navigator.main' future==0.18.2 /usr/lib/python3/dist-packages
2023-04-19T11:36:48.637905+00:00 DEBUG 'ansible_navigator.main' httplib2==0.14.0 /usr/lib/python3/dist-packages
2023-04-19T11:36:48.637933+00:00 DEBUG 'ansible_navigator.main' idna==2.8 /usr/lib/python3/dist-packages
2023-04-19T11:36:48.637960+00:00 DEBUG 'ansible_navigator.main' importlib-resources==5.12.0 /home/slawek/.local/lib/python3.8/site-packages
2023-04-19T11:36:48.637988+00:00 DEBUG 'ansible_navigator.main' jinja2==3.1.2 /home/slawek/.local/lib/python3.8/site-packages
2023-04-19T11:36:48.638016+00:00 DEBUG 'ansible_navigator.main' jmespath==0.9.4 /usr/lib/python3/dist-packages
2023-04-19T11:36:48.638043+00:00 DEBUG 'ansible_navigator.main' jsonschema==4.17.3 /home/slawek/.local/lib/python3.8/site-packages
2023-04-19T11:36:48.638071+00:00 DEBUG 'ansible_navigator.main' keyring==18.0.1 /usr/lib/python3/dist-packages
2023-04-19T11:36:48.638098+00:00 DEBUG 'ansible_navigator.main' language-selector==0.1 /usr/lib/python3/dist-packages
2023-04-19T11:36:48.638127+00:00 DEBUG 'ansible_navigator.main' launchpadlib==1.10.13 /usr/lib/python3/dist-packages
2023-04-19T11:36:48.638156+00:00 DEBUG 'ansible_navigator.main' lazr.restfulclient==0.14.2 /usr/lib/python3/dist-packages
2023-04-19T11:36:48.638184+00:00 DEBUG 'ansible_navigator.main' lazr.uri==1.0.3 /usr/lib/python3/dist-packages
2023-04-19T11:36:48.638211+00:00 DEBUG 'ansible_navigator.main' lockfile==0.12.2 /home/slawek/.local/lib/python3.8/site-packages
2023-04-19T11:36:48.638239+00:00 DEBUG 'ansible_navigator.main' louis==3.12.0 /usr/lib/python3/dist-packages
2023-04-19T11:36:48.638266+00:00 DEBUG 'ansible_navigator.main' macaroonbakery==1.3.1 /usr/lib/python3/dist-packages
2023-04-19T11:36:48.638293+00:00 DEBUG 'ansible_navigator.main' mako==1.1.0 /usr/lib/python3/dist-packages
2023-04-19T11:36:48.638321+00:00 DEBUG 'ansible_navigator.main' markdown-it-py==2.2.0 /home/slawek/.local/lib/python3.8/site-packages
2023-04-19T11:36:48.638348+00:00 DEBUG 'ansible_navigator.main' markupsafe==2.1.2 /home/slawek/.local/lib/python3.8/site-packages
2023-04-19T11:36:48.638376+00:00 DEBUG 'ansible_navigator.main' mdurl==0.1.2 /home/slawek/.local/lib/python3.8/site-packages
2023-04-19T11:36:48.638403+00:00 DEBUG 'ansible_navigator.main' monotonic==1.5 /usr/lib/python3/dist-packages
2023-04-19T11:36:48.638430+00:00 DEBUG 'ansible_navigator.main' mypy-extensions==1.0.0 /home/slawek/.local/lib/python3.8/site-packages
2023-04-19T11:36:48.638458+00:00 DEBUG 'ansible_navigator.main' netaddr==0.7.19 /usr/lib/python3/dist-packages
2023-04-19T11:36:48.638485+00:00 DEBUG 'ansible_navigator.main' netifaces==0.10.4 /usr/lib/python3/dist-packages
2023-04-19T11:36:48.638513+00:00 DEBUG 'ansible_navigator.main' ntlm-auth==1.1.0 /usr/lib/python3/dist-packages
2023-04-19T11:36:48.638541+00:00 DEBUG 'ansible_navigator.main' oauthlib==3.1.0 /usr/lib/python3/dist-packages
2023-04-19T11:36:48.638568+00:00 DEBUG 'ansible_navigator.main' olefile==0.46 /usr/lib/python3/dist-packages
2023-04-19T11:36:48.638595+00:00 DEBUG 'ansible_navigator.main' onigurumacffi==1.2.0 /home/slawek/.local/lib/python3.8/site-packages
2023-04-19T11:36:48.638622+00:00 DEBUG 'ansible_navigator.main' packaging==23.1 /home/slawek/.local/lib/python3.8/site-packages
2023-04-19T11:36:48.638650+00:00 DEBUG 'ansible_navigator.main' paramiko==2.6.0 /usr/lib/python3/dist-packages
2023-04-19T11:36:48.638681+00:00 DEBUG 'ansible_navigator.main' parsley==1.3 /home/slawek/.local/lib/python3.8/site-packages
2023-04-19T11:36:48.638709+00:00 DEBUG 'ansible_navigator.main' pathspec==0.11.1 /home/slawek/.local/lib/python3.8/site-packages
2023-04-19T11:36:48.638736+00:00 DEBUG 'ansible_navigator.main' pbr==5.11.1 /home/slawek/.local/lib/python3.8/site-packages
2023-04-19T11:36:48.638764+00:00 DEBUG 'ansible_navigator.main' pexpect==4.8.0 /home/slawek/.local/lib/python3.8/site-packages
2023-04-19T11:36:48.638792+00:00 DEBUG 'ansible_navigator.main' pillow==7.0.0 /usr/lib/python3/dist-packages
2023-04-19T11:36:48.638819+00:00 DEBUG 'ansible_navigator.main' pip==20.0.2 /usr/lib/python3/dist-packages
2023-04-19T11:36:48.638846+00:00 DEBUG 'ansible_navigator.main' pkgutil-resolve-name==1.3.10 /home/slawek/.local/lib/python3.8/site-packages
2023-04-19T11:36:48.638873+00:00 DEBUG 'ansible_navigator.main' platformdirs==3.2.0 /home/slawek/.local/lib/python3.8/site-packages
2023-04-19T11:36:48.638901+00:00 DEBUG 'ansible_navigator.main' protobuf==3.6.1 /usr/lib/python3/dist-packages
2023-04-19T11:36:48.638928+00:00 DEBUG 'ansible_navigator.main' ptyprocess==0.7.0 /home/slawek/.local/lib/python3.8/site-packages
2023-04-19T11:36:48.638956+00:00 DEBUG 'ansible_navigator.main' pycairo==1.16.2 /usr/lib/python3/dist-packages
2023-04-19T11:36:48.638983+00:00 DEBUG 'ansible_navigator.main' pycparser==2.21 /home/slawek/.local/lib/python3.8/site-packages
2023-04-19T11:36:48.639011+00:00 DEBUG 'ansible_navigator.main' pycrypto==2.6.1 /usr/lib/python3/dist-packages
2023-04-19T11:36:48.639038+00:00 DEBUG 'ansible_navigator.main' pycups==1.9.73 /usr/lib/python3/dist-packages
2023-04-19T11:36:48.639066+00:00 DEBUG 'ansible_navigator.main' pygments==2.15.0 /home/slawek/.local/lib/python3.8/site-packages
2023-04-19T11:36:48.639093+00:00 DEBUG 'ansible_navigator.main' pygobject==3.36.0 /usr/lib/python3/dist-packages
2023-04-19T11:36:48.639120+00:00 DEBUG 'ansible_navigator.main' pyjwt==1.7.1 /usr/lib/python3/dist-packages
2023-04-19T11:36:48.639148+00:00 DEBUG 'ansible_navigator.main' pykerberos==1.1.14 /usr/lib/python3/dist-packages
2023-04-19T11:36:48.639175+00:00 DEBUG 'ansible_navigator.main' pymacaroons==0.13.0 /usr/lib/python3/dist-packages
2023-04-19T11:36:48.639203+00:00 DEBUG 'ansible_navigator.main' pynacl==1.3.0 /usr/lib/python3/dist-packages
2023-04-19T11:36:48.639230+00:00 DEBUG 'ansible_navigator.main' pyparsing==2.4.6 /usr/lib/python3/dist-packages
2023-04-19T11:36:48.639257+00:00 DEBUG 'ansible_navigator.main' pyrfc3339==1.1 /usr/lib/python3/dist-packages
2023-04-19T11:36:48.639284+00:00 DEBUG 'ansible_navigator.main' pyrsistent==0.19.3 /home/slawek/.local/lib/python3.8/site-packages
2023-04-19T11:36:48.639312+00:00 DEBUG 'ansible_navigator.main' python-apt==2.0.1+ubuntu0.20.4.1 /usr/lib/python3/dist-packages
2023-04-19T11:36:48.639339+00:00 DEBUG 'ansible_navigator.main' python-daemon==3.0.1 /home/slawek/.local/lib/python3.8/site-packages
2023-04-19T11:36:48.639366+00:00 DEBUG 'ansible_navigator.main' python-dateutil==2.7.3 /usr/lib/python3/dist-packages
2023-04-19T11:36:48.639394+00:00 DEBUG 'ansible_navigator.main' python-debian==0.1.36ubuntu1 /usr/lib/python3/dist-packages
2023-04-19T11:36:48.639421+00:00 DEBUG 'ansible_navigator.main' pytz==2019.3 /usr/lib/python3/dist-packages
2023-04-19T11:36:48.639447+00:00 DEBUG 'ansible_navigator.main' pywinrm==0.3.0 /usr/lib/python3/dist-packages
2023-04-19T11:36:48.639475+00:00 DEBUG 'ansible_navigator.main' pyxdg==0.26 /usr/lib/python3/dist-packages
2023-04-19T11:36:48.639502+00:00 DEBUG 'ansible_navigator.main' pyyaml==6.0 /home/slawek/.local/lib/python3.8/site-packages
2023-04-19T11:36:48.639529+00:00 DEBUG 'ansible_navigator.main' reportlab==3.5.34 /usr/lib/python3/dist-packages
2023-04-19T11:36:48.639557+00:00 DEBUG 'ansible_navigator.main' requests-kerberos==0.12.0 /usr/lib/python3/dist-packages
2023-04-19T11:36:48.639584+00:00 DEBUG 'ansible_navigator.main' requests-ntlm==1.1.0 /usr/lib/python3/dist-packages
2023-04-19T11:36:48.639615+00:00 DEBUG 'ansible_navigator.main' requests-unixsocket==0.2.0 /usr/lib/python3/dist-packages
2023-04-19T11:36:48.639644+00:00 DEBUG 'ansible_navigator.main' requests==2.28.2 /home/slawek/.local/lib/python3.8/site-packages
2023-04-19T11:36:48.639672+00:00 DEBUG 'ansible_navigator.main' requirements-parser==0.5.0 /home/slawek/.local/lib/python3.8/site-packages
2023-04-19T11:36:48.639699+00:00 DEBUG 'ansible_navigator.main' resolvelib==0.8.1 /home/slawek/.local/lib/python3.8/site-packages
2023-04-19T11:36:48.639727+00:00 DEBUG 'ansible_navigator.main' rich==13.3.4 /home/slawek/.local/lib/python3.8/site-packages
2023-04-19T11:36:48.639755+00:00 DEBUG 'ansible_navigator.main' ruamel.yaml.clib==0.2.7 /home/slawek/.local/lib/python3.8/site-packages
2023-04-19T11:36:48.639783+00:00 DEBUG 'ansible_navigator.main' ruamel.yaml==0.17.21 /home/slawek/.local/lib/python3.8/site-packages
2023-04-19T11:36:48.639811+00:00 DEBUG 'ansible_navigator.main' secretstorage==2.3.1 /usr/lib/python3/dist-packages
2023-04-19T11:36:48.639863+00:00 DEBUG 'ansible_navigator.main' selinux==3.0 /usr/lib/python3/dist-packages
2023-04-19T11:36:48.639895+00:00 DEBUG 'ansible_navigator.main' setuptools==67.6.1 /home/slawek/.local/lib/python3.8/site-packages
2023-04-19T11:36:48.639928+00:00 DEBUG 'ansible_navigator.main' simplejson==3.16.0 /usr/lib/python3/dist-packages
2023-04-19T11:36:48.639961+00:00 DEBUG 'ansible_navigator.main' six==1.16.0 /home/slawek/.local/lib/python3.8/site-packages
2023-04-19T11:36:48.639993+00:00 DEBUG 'ansible_navigator.main' ssh-import-id==5.10 /usr/lib/python3/dist-packages
2023-04-19T11:36:48.640026+00:00 DEBUG 'ansible_navigator.main' subprocess-tee==0.4.1 /home/slawek/.local/lib/python3.8/site-packages
2023-04-19T11:36:48.640057+00:00 DEBUG 'ansible_navigator.main' systemd-python==234 /usr/lib/python3/dist-packages
2023-04-19T11:36:48.640090+00:00 DEBUG 'ansible_navigator.main' tomli==2.0.1 /home/slawek/.local/lib/python3.8/site-packages
2023-04-19T11:36:48.640122+00:00 DEBUG 'ansible_navigator.main' types-setuptools==67.6.0.7 /home/slawek/.local/lib/python3.8/site-packages
2023-04-19T11:36:48.640164+00:00 DEBUG 'ansible_navigator.main' typing-extensions==4.5.0 /home/slawek/.local/lib/python3.8/site-packages
2023-04-19T11:36:48.640192+00:00 DEBUG 'ansible_navigator.main' tzdata==2023.3 /home/slawek/.local/lib/python3.8/site-packages
2023-04-19T11:36:48.640220+00:00 DEBUG 'ansible_navigator.main' ubuntu-advantage-tools==8001 /usr/lib/python3/dist-packages
2023-04-19T11:36:48.640247+00:00 DEBUG 'ansible_navigator.main' ubuntu-drivers-common==0.0.0 /usr/lib/python3/dist-packages
2023-04-19T11:36:48.640274+00:00 DEBUG 'ansible_navigator.main' ufw==0.36 /usr/lib/python3/dist-packages
2023-04-19T11:36:48.640301+00:00 DEBUG 'ansible_navigator.main' unattended-upgrades==0.1 /usr/lib/python3/dist-packages
2023-04-19T11:36:48.640329+00:00 DEBUG 'ansible_navigator.main' urllib3==1.26.15 /home/slawek/.local/lib/python3.8/site-packages
2023-04-19T11:36:48.640356+00:00 DEBUG 'ansible_navigator.main' usb-creator==0.3.7 /usr/lib/python3/dist-packages
2023-04-19T11:36:48.640383+00:00 DEBUG 'ansible_navigator.main' vboxapi==1.0 /usr/local/lib/python3.8/dist-packages
2023-04-19T11:36:48.640411+00:00 DEBUG 'ansible_navigator.main' wadllib==1.3.3 /usr/lib/python3/dist-packages
2023-04-19T11:36:48.640438+00:00 DEBUG 'ansible_navigator.main' wcmatch==8.4.1 /home/slawek/.local/lib/python3.8/site-packages
2023-04-19T11:36:48.640465+00:00 DEBUG 'ansible_navigator.main' websocket-client==1.5.1 /home/slawek/.local/lib/python3.8/site-packages
2023-04-19T11:36:48.640493+00:00 DEBUG 'ansible_navigator.main' wheel==0.34.2 /usr/lib/python3/dist-packages
2023-04-19T11:36:48.640520+00:00 DEBUG 'ansible_navigator.main' xkit==0.0.0 /usr/lib/python3/dist-packages
2023-04-19T11:36:48.640578+00:00 DEBUG 'ansible_navigator.main' xmltodict==0.12.0 /usr/lib/python3/dist-packages
2023-04-19T11:36:48.640636+00:00 DEBUG 'ansible_navigator.main' yamllint==1.30.0 /home/slawek/.local/lib/python3.8/site-packages
2023-04-19T11:36:48.640667+00:00 DEBUG 'ansible_navigator.main' zipp==3.15.0 /home/slawek/.local/lib/python3.8/site-packages
2023-04-19T11:36:48.640696+00:00 DEBUG 'ansible_navigator.main' Share directory '/home/slawek/.local/lib/python3.8/share/ansible_navigator' not found (development path)
2023-04-19T11:36:48.640724+00:00 DEBUG 'ansible_navigator.main' Share directory '/home/slawek/.local/share/ansible_navigator' found (userbase)
2023-04-19T11:36:48.640752+00:00 DEBUG 'ansible_navigator.main' Default collection_doc_cache_path set to: /home/slawek/.cache/ansible-navigator/collection_doc_cache.db
2023-04-19T11:36:48.640779+00:00 DEBUG 'ansible_navigator.main' EDITOR environment variable not set
2023-04-19T11:36:48.640807+00:00 DEBUG 'ansible_navigator.main' Default editor_command set to: vi +{line_number} {filename}
2023-04-19T11:36:48.640834+00:00 DEBUG 'ansible_navigator.main' No config file set by ANSIBLE_NAVIGATOR_CONFIG
2023-04-19T11:36:48.640862+00:00 DEBUG 'ansible_navigator.main' Looking in /home/slawek
2023-04-19T11:36:48.640890+00:00 DEBUG 'ansible_navigator.main' Looking for '/home/slawek/.ansible-navigator.yml', '/home/slawek/.ansible-navigator.yaml' and '/home/slawek/.ansible-navigator.json'
2023-04-19T11:36:48.640918+00:00 DEBUG 'ansible_navigator.main' Found 0: 
2023-04-19T11:36:48.640946+00:00 DEBUG 'ansible_navigator.main' Looking in /home/slawek/ansible_roles/roles/project/test_role/project
2023-04-19T11:36:48.640973+00:00 DEBUG 'ansible_navigator.main' Looking for '/home/slawek/ansible_roles/roles/project/test_role/project/ansible-navigator.yml', '/home/slawek/ansible_roles/roles/project/test_role/project/ansible-navigator.yaml' and '/home/slawek/ansible_roles/roles/project/test_role/project/ansible-navigator.json'
2023-04-19T11:36:48.641002+00:00 DEBUG 'ansible_navigator.main' Found 0: 
2023-04-19T11:36:48.641030+00:00 DEBUG 'ansible_navigator.main' All found 0: 
2023-04-19T11:36:48.641058+00:00 DEBUG 'ansible_navigator.main' Using: None
2023-04-19T11:36:48.641086+00:00 DEBUG 'ansible_navigator.main' No valid settings file found, using all default values for settings.
2023-04-19T11:36:48.641114+00:00 DEBUG 'ansible_navigator.main' Command provided: '-m stdout sample_playbook.yml'
2023-04-19T11:36:48.641145+00:00 WARNING 'ansible_navigator.main' Configuration errors encountered, rolling back to previous configuration.
2023-04-19T11:36:48.641173+00:00 DEBUG 'ansible_navigator.main' Prior to rollback: ansible_runner_artifact_dir = 'Not set' (Constants/Not set)
2023-04-19T11:36:48.641200+00:00 DEBUG 'ansible_navigator.main' Prior to rollback: ansible_runner_rotate_artifacts_count = 'Not set' (Constants/Not set)
2023-04-19T11:36:48.641228+00:00 DEBUG 'ansible_navigator.main' Prior to rollback: ansible_runner_timeout = 'Not set' (Constants/Not set)
2023-04-19T11:36:48.641256+00:00 DEBUG 'ansible_navigator.main' Prior to rollback: app = 'welcome' (str/Defaults)
2023-04-19T11:36:48.641294+00:00 DEBUG 'ansible_navigator.main' Prior to rollback: cmdline = 'Not set' (Constants/Not set)
2023-04-19T11:36:48.641318+00:00 DEBUG 'ansible_navigator.main' Prior to rollback: collection_doc_cache_path = '/home/slawek/.cache/ansible-navigator/collection_doc_cache.db' (str/Defaults)
2023-04-19T11:36:48.641344+00:00 DEBUG 'ansible_navigator.main' Prior to rollback: config = 'Not set' (Constants/Not set)
2023-04-19T11:36:48.641368+00:00 DEBUG 'ansible_navigator.main' Prior to rollback: container_engine = 'auto' (str/Defaults)
2023-04-19T11:36:48.641413+00:00 DEBUG 'ansible_navigator.main' Prior to rollback: container_options = 'Not set' (Constants/Not set)
2023-04-19T11:36:48.641441+00:00 DEBUG 'ansible_navigator.main' Prior to rollback: display_color = 'True' (bool/Defaults)
2023-04-19T11:36:48.641478+00:00 DEBUG 'ansible_navigator.main' Prior to rollback: editor_command = 'vi +{line_number} {filename}' (str/Defaults)
2023-04-19T11:36:48.641502+00:00 DEBUG 'ansible_navigator.main' Prior to rollback: editor_console = 'True' (bool/Defaults)
2023-04-19T11:36:48.641526+00:00 DEBUG 'ansible_navigator.main' Prior to rollback: exec_command = '/bin/bash' (str/Defaults)
2023-04-19T11:36:48.641554+00:00 DEBUG 'ansible_navigator.main' Prior to rollback: exec_shell = 'True' (bool/Defaults)
2023-04-19T11:36:48.641579+00:00 DEBUG 'ansible_navigator.main' Prior to rollback: execution_environment = 'True' (bool/Defaults)
2023-04-19T11:36:48.641603+00:00 DEBUG 'ansible_navigator.main' Prior to rollback: execution_environment_image = 'quay.io/ansible/creator-ee:v0.9.1' (str/Defaults)
2023-04-19T11:36:48.641627+00:00 DEBUG 'ansible_navigator.main' Prior to rollback: execution_environment_volume_mounts = 'Not set' (Constants/Not set)
2023-04-19T11:36:48.641651+00:00 DEBUG 'ansible_navigator.main' Prior to rollback: help_builder = 'False' (bool/Defaults)
2023-04-19T11:36:48.641675+00:00 DEBUG 'ansible_navigator.main' Prior to rollback: help_config = 'False' (bool/Defaults)
2023-04-19T11:36:48.641699+00:00 DEBUG 'ansible_navigator.main' Prior to rollback: help_doc = 'False' (bool/Defaults)
2023-04-19T11:36:48.641723+00:00 DEBUG 'ansible_navigator.main' Prior to rollback: help_inventory = 'False' (bool/Defaults)
2023-04-19T11:36:48.641747+00:00 DEBUG 'ansible_navigator.main' Prior to rollback: help_playbook = 'False' (bool/Defaults)
2023-04-19T11:36:48.641771+00:00 DEBUG 'ansible_navigator.main' Prior to rollback: images_details = '['everything']' (list/Defaults)
2023-04-19T11:36:48.641795+00:00 DEBUG 'ansible_navigator.main' Prior to rollback: inventory = 'Not set' (Constants/Not set)
2023-04-19T11:36:48.641819+00:00 DEBUG 'ansible_navigator.main' Prior to rollback: inventory_column = 'Not set' (Constants/Not set)
2023-04-19T11:36:48.641844+00:00 DEBUG 'ansible_navigator.main' Prior to rollback: lint_config = 'Not set' (Constants/Not set)
2023-04-19T11:36:48.641868+00:00 DEBUG 'ansible_navigator.main' Prior to rollback: lintables = 'Not set' (Constants/Not set)
2023-04-19T11:36:48.641891+00:00 DEBUG 'ansible_navigator.main' Prior to rollback: log_append = 'True' (bool/Defaults)
2023-04-19T11:36:48.641916+00:00 DEBUG 'ansible_navigator.main' Prior to rollback: log_file = '/home/slawek/ansible_roles/roles/project/test_role/project/ansible-navigator.log' (str/Defaults)
2023-04-19T11:36:48.641940+00:00 DEBUG 'ansible_navigator.main' Prior to rollback: log_level = 'warning' (str/Defaults)
2023-04-19T11:36:48.641964+00:00 DEBUG 'ansible_navigator.main' Prior to rollback: mode = 'interactive' (str/Defaults)
2023-04-19T11:36:48.641988+00:00 DEBUG 'ansible_navigator.main' Prior to rollback: osc4 = 'True' (bool/Defaults)
2023-04-19T11:36:48.642012+00:00 DEBUG 'ansible_navigator.main' Prior to rollback: pass_environment_variable = 'Not set' (Constants/Not set)
2023-04-19T11:36:48.642036+00:00 DEBUG 'ansible_navigator.main' Prior to rollback: playbook = 'Not set' (Constants/Not set)
2023-04-19T11:36:48.642060+00:00 DEBUG 'ansible_navigator.main' Prior to rollback: playbook_artifact_enable = 'True' (bool/Defaults)
2023-04-19T11:36:48.642084+00:00 DEBUG 'ansible_navigator.main' Prior to rollback: playbook_artifact_replay = 'Not set' (Constants/Not set)
2023-04-19T11:36:48.642108+00:00 DEBUG 'ansible_navigator.main' Prior to rollback: playbook_artifact_save_as = '{playbook_dir}/{playbook_name}-artifact-{time_stamp}.json' (str/Defaults)
2023-04-19T11:36:48.642133+00:00 DEBUG 'ansible_navigator.main' Prior to rollback: plugin_name = 'Not set' (Constants/Not set)
2023-04-19T11:36:48.642157+00:00 DEBUG 'ansible_navigator.main' Prior to rollback: plugin_type = 'module' (str/Defaults)
2023-04-19T11:36:48.642181+00:00 DEBUG 'ansible_navigator.main' Prior to rollback: pull_arguments = 'Not set' (Constants/Not set)
2023-04-19T11:36:48.642205+00:00 DEBUG 'ansible_navigator.main' Prior to rollback: pull_policy = 'tag' (str/Defaults)
2023-04-19T11:36:48.642228+00:00 DEBUG 'ansible_navigator.main' Prior to rollback: set_environment_variable = 'Not set' (Constants/Not set)
2023-04-19T11:36:48.642253+00:00 DEBUG 'ansible_navigator.main' Prior to rollback: settings_effective = 'False' (bool/Defaults)
2023-04-19T11:36:48.642277+00:00 DEBUG 'ansible_navigator.main' Prior to rollback: settings_sample = 'False' (bool/Defaults)
2023-04-19T11:36:48.642304+00:00 DEBUG 'ansible_navigator.main' Prior to rollback: settings_schema = 'json' (str/Defaults)
2023-04-19T11:36:48.642329+00:00 DEBUG 'ansible_navigator.main' Prior to rollback: settings_sources = 'False' (bool/Defaults)
2023-04-19T11:36:48.642353+00:00 DEBUG 'ansible_navigator.main' Prior to rollback: time_zone = 'UTC' (str/Defaults)
2023-04-19T11:36:48.642377+00:00 DEBUG 'ansible_navigator.main' Prior to rollback: workdir = '/home/slawek/ansible_roles/roles/project/test_role/project' (str/Defaults)
2023-04-19T11:36:48.642401+00:00 DEBUG 'ansible_navigator.main' After rollback: ansible_runner_artifact_dir = 'Not set' (Constants/Not set)
2023-04-19T11:36:48.642426+00:00 DEBUG 'ansible_navigator.main' After rollback: ansible_runner_rotate_artifacts_count = 'Not set' (Constants/Not set)
2023-04-19T11:36:48.642450+00:00 DEBUG 'ansible_navigator.main' After rollback: ansible_runner_timeout = 'Not set' (Constants/Not set)
2023-04-19T11:36:48.642474+00:00 DEBUG 'ansible_navigator.main' After rollback: app = 'Not set' (Constants/Not set)
2023-04-19T11:36:48.642498+00:00 DEBUG 'ansible_navigator.main' After rollback: cmdline = 'Not set' (Constants/Not set)
2023-04-19T11:36:48.642522+00:00 DEBUG 'ansible_navigator.main' After rollback: collection_doc_cache_path = 'Not set' (Constants/Not set)
2023-04-19T11:36:48.642546+00:00 DEBUG 'ansible_navigator.main' After rollback: config = 'Not set' (Constants/Not set)
2023-04-19T11:36:48.642570+00:00 DEBUG 'ansible_navigator.main' After rollback: container_engine = 'Not set' (Constants/Not set)
2023-04-19T11:36:48.642594+00:00 DEBUG 'ansible_navigator.main' After rollback: container_options = 'Not set' (Constants/Not set)
2023-04-19T11:36:48.642618+00:00 DEBUG 'ansible_navigator.main' After rollback: display_color = 'Not set' (Constants/Not set)
2023-04-19T11:36:48.642642+00:00 DEBUG 'ansible_navigator.main' After rollback: editor_command = 'Not set' (Constants/Not set)
2023-04-19T11:36:48.642666+00:00 DEBUG 'ansible_navigator.main' After rollback: editor_console = 'Not set' (Constants/Not set)
2023-04-19T11:36:48.642690+00:00 DEBUG 'ansible_navigator.main' After rollback: exec_command = 'Not set' (Constants/Not set)
2023-04-19T11:36:48.642714+00:00 DEBUG 'ansible_navigator.main' After rollback: exec_shell = 'Not set' (Constants/Not set)
2023-04-19T11:36:48.642738+00:00 DEBUG 'ansible_navigator.main' After rollback: execution_environment = 'Not set' (Constants/Not set)
2023-04-19T11:36:48.642762+00:00 DEBUG 'ansible_navigator.main' After rollback: execution_environment_image = 'Not set' (Constants/Not set)
2023-04-19T11:36:48.642787+00:00 DEBUG 'ansible_navigator.main' After rollback: execution_environment_volume_mounts = 'Not set' (Constants/Not set)
2023-04-19T11:36:48.642811+00:00 DEBUG 'ansible_navigator.main' After rollback: help_builder = 'Not set' (Constants/Not set)
2023-04-19T11:36:48.642835+00:00 DEBUG 'ansible_navigator.main' After rollback: help_config = 'Not set' (Constants/Not set)
2023-04-19T11:36:48.642859+00:00 DEBUG 'ansible_navigator.main' After rollback: help_doc = 'Not set' (Constants/Not set)
2023-04-19T11:36:48.642883+00:00 DEBUG 'ansible_navigator.main' After rollback: help_inventory = 'Not set' (Constants/Not set)
2023-04-19T11:36:48.642907+00:00 DEBUG 'ansible_navigator.main' After rollback: help_playbook = 'Not set' (Constants/Not set)
2023-04-19T11:36:48.642931+00:00 DEBUG 'ansible_navigator.main' After rollback: images_details = 'Not set' (Constants/Not set)
2023-04-19T11:36:48.642955+00:00 DEBUG 'ansible_navigator.main' After rollback: inventory = 'Not set' (Constants/Not set)
2023-04-19T11:36:48.642979+00:00 DEBUG 'ansible_navigator.main' After rollback: inventory_column = 'Not set' (Constants/Not set)
2023-04-19T11:36:48.643004+00:00 DEBUG 'ansible_navigator.main' After rollback: lint_config = 'Not set' (Constants/Not set)
2023-04-19T11:36:48.643028+00:00 DEBUG 'ansible_navigator.main' After rollback: lintables = 'Not set' (Constants/Not set)
2023-04-19T11:36:48.643052+00:00 DEBUG 'ansible_navigator.main' After rollback: log_append = 'Not set' (Constants/Not set)
2023-04-19T11:36:48.643101+00:00 DEBUG 'ansible_navigator.main' After rollback: log_file = 'Not set' (Constants/Not set)
2023-04-19T11:36:48.643153+00:00 DEBUG 'ansible_navigator.main' After rollback: log_level = 'Not set' (Constants/Not set)
2023-04-19T11:36:48.643211+00:00 DEBUG 'ansible_navigator.main' After rollback: mode = 'Not set' (Constants/Not set)
2023-04-19T11:36:48.643241+00:00 DEBUG 'ansible_navigator.main' After rollback: osc4 = 'Not set' (Constants/Not set)
2023-04-19T11:36:48.643271+00:00 DEBUG 'ansible_navigator.main' After rollback: pass_environment_variable = 'Not set' (Constants/Not set)
2023-04-19T11:36:48.643300+00:00 DEBUG 'ansible_navigator.main' After rollback: playbook = 'Not set' (Constants/Not set)
2023-04-19T11:36:48.643329+00:00 DEBUG 'ansible_navigator.main' After rollback: playbook_artifact_enable = 'Not set' (Constants/Not set)
2023-04-19T11:36:48.643358+00:00 DEBUG 'ansible_navigator.main' After rollback: playbook_artifact_replay = 'Not set' (Constants/Not set)
2023-04-19T11:36:48.643388+00:00 DEBUG 'ansible_navigator.main' After rollback: playbook_artifact_save_as = 'Not set' (Constants/Not set)
2023-04-19T11:36:48.643417+00:00 DEBUG 'ansible_navigator.main' After rollback: plugin_name = 'Not set' (Constants/Not set)
2023-04-19T11:36:48.643447+00:00 DEBUG 'ansible_navigator.main' After rollback: plugin_type = 'Not set' (Constants/Not set)
2023-04-19T11:36:48.643476+00:00 DEBUG 'ansible_navigator.main' After rollback: pull_arguments = 'Not set' (Constants/Not set)
2023-04-19T11:36:48.643505+00:00 DEBUG 'ansible_navigator.main' After rollback: pull_policy = 'Not set' (Constants/Not set)
2023-04-19T11:36:48.643535+00:00 DEBUG 'ansible_navigator.main' After rollback: set_environment_variable = 'Not set' (Constants/Not set)
2023-04-19T11:36:48.643564+00:00 DEBUG 'ansible_navigator.main' After rollback: settings_effective = 'Not set' (Constants/Not set)
2023-04-19T11:36:48.643602+00:00 DEBUG 'ansible_navigator.main' After rollback: settings_sample = 'Not set' (Constants/Not set)
2023-04-19T11:36:48.643626+00:00 DEBUG 'ansible_navigator.main' After rollback: settings_schema = 'Not set' (Constants/Not set)
2023-04-19T11:36:48.643650+00:00 DEBUG 'ansible_navigator.main' After rollback: settings_sources = 'Not set' (Constants/Not set)
2023-04-19T11:36:48.643674+00:00 DEBUG 'ansible_navigator.main' After rollback: time_zone = 'Not set' (Constants/Not set)
2023-04-19T11:36:48.643698+00:00 DEBUG 'ansible_navigator.main' After rollback: workdir = 'Not set' (Constants/Not set)
2023-04-19T11:36:48.643723+00:00 DEBUG 'ansible_navigator.main' Configuration rollback complete.
2023-04-19T11:36:48.643747+00:00 DEBUG 'ansible_navigator.main' Collection doc cache not mounted
2023-04-19T11:36:48.643780+00:00 WARNING 'ansible_navigator.main' Issues were found while applying the settings.
2023-04-19T11:36:48.643809+00:00 INFO 'ansible_navigator.main' Command provided: '-m stdout sample_playbook.yml'
2023-04-19T11:36:48.643839+00:00 ERROR 'ansible_navigator.main' argument {subcommand} --help: invalid choice: 'sample_playbook.yml' (choose from 'builder', 'collections', 'config', 'doc', 'exec', 'images', 'inventory', 'lint', 'replay', 'run', 'settings', 'welcome')
2023-04-19T11:36:48.643867+00:00 INFO 'ansible_navigator.main' Configuration failed, using default log file location. (/home/slawek/ansible_roles/roles/project/test_role/project/ansible-navigator.log) Log level set to debug
2023-04-19T11:36:48.643894+00:00 INFO 'ansible_navigator.main' Review the hints and log file to see what went wrong.
2023-04-19T11:37:16.104337+00:00 CRITICAL 'ansible_navigator.actions.run_playbook._handle_message' Unhandled message from runner queue, discarded: {'event': 'verbose', 'uuid': '0c038d70-2017-44de-9907-d29e5eb910f7', 'counter': 1, 'stdout': '\x1b[1;35m[WARNING]: No inventory was parsed, only implicit localhost is available\x1b[0m', 'start_line': 0, 'end_line': 1, 'runner_ident': 'a335229c-109b-47a1-afb3-c65cccd227a5', 'created': '2023-04-19T11:37:16.099567'}
2023-04-19T11:37:16.115362+00:00 CRITICAL 'ansible_navigator.actions.run_playbook._handle_message' Unhandled message from runner queue, discarded: {'event': 'verbose', 'uuid': '064b8150-cce9-45c6-b268-49cf49cd595e', 'counter': 2, 'stdout': '\x1b[1;35m[WARNING]: provided hosts list is empty, only localhost is available. Note that\x1b[0m', 'start_line': 1, 'end_line': 2, 'runner_ident': 'a335229c-109b-47a1-afb3-c65cccd227a5', 'created': '2023-04-19T11:37:16.109472'}
2023-04-19T11:37:16.115709+00:00 CRITICAL 'ansible_navigator.actions.run_playbook._handle_message' Unhandled message from runner queue, discarded: {'event': 'verbose', 'uuid': '04234b22-6313-4657-893c-a30cb98fe22e', 'counter': 3, 'stdout': "\x1b[1;35mthe implicit localhost does not match 'all'\x1b[0m", 'start_line': 2, 'end_line': 3, 'runner_ident': 'a335229c-109b-47a1-afb3-c65cccd227a5', 'created': '2023-04-19T11:37:16.109647'}
2023-04-19T11:37:16.551945+00:00 CRITICAL 'ansible_navigator.actions.run_playbook._handle_message' Unhandled message from runner queue, discarded: {'event': 'verbose', 'uuid': '9a71ba34-445b-4735-b73d-e9c289045ec4', 'counter': 4, 'stdout': "\x1b[0;31mERROR! the role 'test_role' was not found in /home/slawek/ansible_roles/roles/project/test_role/project/roles:/home/runner/.ansible/roles:/usr/share/ansible/roles:/etc/ansible/roles:/home/slawek/ansible_roles/roles/project/test_role/project\x1b[0m", 'start_line': 3, 'end_line': 4, 'runner_ident': 'a335229c-109b-47a1-afb3-c65cccd227a5', 'created': '2023-04-19T11:37:16.547192'}
2023-04-19T11:37:16.552341+00:00 CRITICAL 'ansible_navigator.actions.run_playbook._handle_message' Unhandled message from runner queue, discarded: {'event': 'verbose', 'uuid': '648be3ba-9ffd-4e38-9387-47679f606dd5', 'counter': 5, 'stdout': '\x1b[0;31m\x1b[0m', 'start_line': 4, 'end_line': 5, 'runner_ident': 'a335229c-109b-47a1-afb3-c65cccd227a5', 'created': '2023-04-19T11:37:16.547401'}
2023-04-19T11:37:16.552694+00:00 CRITICAL 'ansible_navigator.actions.run_playbook._handle_message' Unhandled message from runner queue, discarded: {'event': 'verbose', 'uuid': 'bf734e37-2440-4f5b-bfc2-140f6a855979', 'counter': 6, 'stdout': "\x1b[0;31mThe error appears to be in '/home/slawek/ansible_roles/roles/project/test_role/project/sample_playbook.yml': line 6, column 7, but may\x1b[0m", 'start_line': 5, 'end_line': 6, 'runner_ident': 'a335229c-109b-47a1-afb3-c65cccd227a5', 'created': '2023-04-19T11:37:16.547565'}
2023-04-19T11:37:16.552974+00:00 CRITICAL 'ansible_navigator.actions.run_playbook._handle_message' Unhandled message from runner queue, discarded: {'event': 'verbose', 'uuid': '702f2f32-e8aa-4bac-8d8d-80b4a37f2135', 'counter': 7, 'stdout': '\x1b[0;31mbe elsewhere in the file depending on the exact syntax problem.\x1b[0m', 'start_line': 6, 'end_line': 7, 'runner_ident': 'a335229c-109b-47a1-afb3-c65cccd227a5', 'created': '2023-04-19T11:37:16.547704'}
2023-04-19T11:37:16.553203+00:00 CRITICAL 'ansible_navigator.actions.run_playbook._handle_message' Unhandled message from runner queue, discarded: {'event': 'verbose', 'uuid': 'c31d8e87-aaa3-4527-b2fb-bd45a1d9093c', 'counter': 8, 'stdout': '\x1b[0;31m\x1b[0m', 'start_line': 7, 'end_line': 8, 'runner_ident': 'a335229c-109b-47a1-afb3-c65cccd227a5', 'created': '2023-04-19T11:37:16.547837'}
2023-04-19T11:37:16.553425+00:00 CRITICAL 'ansible_navigator.actions.run_playbook._handle_message' Unhandled message from runner queue, discarded: {'event': 'verbose', 'uuid': 'c67bd83e-5391-4c3d-9d44-69991aafb499', 'counter': 9, 'stdout': '\x1b[0;31mThe offending line appears to be:\x1b[0m', 'start_line': 8, 'end_line': 9, 'runner_ident': 'a335229c-109b-47a1-afb3-c65cccd227a5', 'created': '2023-04-19T11:37:16.547966'}
2023-04-19T11:37:16.553641+00:00 CRITICAL 'ansible_navigator.actions.run_playbook._handle_message' Unhandled message from runner queue, discarded: {'event': 'verbose', 'uuid': '8d9bfc67-0f66-4bf6-acf7-9953fda12632', 'counter': 10, 'stdout': '\x1b[0;31m\x1b[0m', 'start_line': 9, 'end_line': 10, 'runner_ident': 'a335229c-109b-47a1-afb3-c65cccd227a5', 'created': '2023-04-19T11:37:16.548093'}
2023-04-19T11:37:16.553876+00:00 CRITICAL 'ansible_navigator.actions.run_playbook._handle_message' Unhandled message from runner queue, discarded: {'event': 'verbose', 'uuid': 'd198c9b4-dd56-41a9-9931-f508cedc2c91', 'counter': 11, 'stdout': '\x1b[0;31m  roles:\x1b[0m', 'start_line': 10, 'end_line': 11, 'runner_ident': 'a335229c-109b-47a1-afb3-c65cccd227a5', 'created': '2023-04-19T11:37:16.548220'}
2023-04-19T11:37:16.554095+00:00 CRITICAL 'ansible_navigator.actions.run_playbook._handle_message' Unhandled message from runner queue, discarded: {'event': 'verbose', 'uuid': 'bf196e7e-5262-4460-8f20-5c89a8cb8091', 'counter': 12, 'stdout': '\x1b[0;31m    - test_role\x1b[0m', 'start_line': 11, 'end_line': 12, 'runner_ident': 'a335229c-109b-47a1-afb3-c65cccd227a5', 'created': '2023-04-19T11:37:16.548349'}
2023-04-19T11:37:16.554312+00:00 CRITICAL 'ansible_navigator.actions.run_playbook._handle_message' Unhandled message from runner queue, discarded: {'event': 'verbose', 'uuid': '8627a844-00b8-442c-abcb-453fc4c32bba', 'counter': 13, 'stdout': '\x1b[0;31m      ^ here\x1b[0m', 'start_line': 12, 'end_line': 13, 'runner_ident': 'a335229c-109b-47a1-afb3-c65cccd227a5', 'created': '2023-04-19T11:37:16.548476'}
